<?xml version="1.0" encoding="UTF-8"?>
<!-- Generated by org.testng.reporters.JUnitReportReporter -->
<testsuite skipped="0" hostname="LAPTOP-UEJFETJP" name="com.automation.testsuits.CreateAccountPageTest" tests="1" failures="0" timestamp="2022-05-10T22:48:33 BST" time="13.431" errors="0">
  <testcase name="verifyThatUserShouldCreateAccountSuccessfully" time="13.431" classname="com.automation.testsuits.CreateAccountPageTest"/>
  <system-out>
    <![CDATA[Clicking on sinInTab[[ChromeDriver: chrome on WINDOWS (2d189aca524dff81024a9f1523fe882d)] -> xpath: //a[contains(text(),'Sign in')]]<br>
Enter emailprime0@gmail.com to  field [[ChromeDriver: chrome on WINDOWS (2d189aca524dff81024a9f1523fe882d)] -> xpath: //input[@id='email_create']]<br>
Clicking on accountbuttonField[[ChromeDriver: chrome on WINDOWS (2d189aca524dff81024a9f1523fe882d)] -> xpath: //body[1]/div[1]/div[2]/div[1]/div[3]/div[1]/div[1]/div[1]/form[1]/div[1]/div[3]/button[1]/span[1]]<br>
Clicking on Title[[ChromeDriver: chrome on WINDOWS (2d189aca524dff81024a9f1523fe882d)] -> xpath: //input[@id='id_gender2']]<br>
Enter firstnameprime to firstname field [[ChromeDriver: chrome on WINDOWS (2d189aca524dff81024a9f1523fe882d)] -> xpath: //input[@id='customer_firstname']]<br>
Enter lastname patel to lastname  field [[ChromeDriver: chrome on WINDOWS (2d189aca524dff81024a9f1523fe882d)] -> xpath: //input[@id='customer_lastname']]<br>
Enter passwordfieldprime1005 to  field [[ChromeDriver: chrome on WINDOWS (2d189aca524dff81024a9f1523fe882d)] -> xpath: //input[@id='passwd']]<br>
Selecting birthDate 1 from dropdown [[ChromeDriver: chrome on WINDOWS (2d189aca524dff81024a9f1523fe882d)] -> xpath: //select[@id='days']]<br>
Selecting birthMonth9 from dropdown [[ChromeDriver: chrome on WINDOWS (2d189aca524dff81024a9f1523fe882d)] -> xpath: //select[@id='months']]<br>
Selecting birthYear1997 from dropdown [[ChromeDriver: chrome on WINDOWS (2d189aca524dff81024a9f1523fe882d)] -> xpath: //select[@id='years']]<br>
Clicking on newsletterBox[[ChromeDriver: chrome on WINDOWS (2d189aca524dff81024a9f1523fe882d)] -> xpath: //input[@id='newsletter']]<br>
Clicking on specialOffersBox[[ChromeDriver: chrome on WINDOWS (2d189aca524dff81024a9f1523fe882d)] -> xpath: //input[@id='optin']]<br>
Enter addressfirstnameprime to  field [[ChromeDriver: chrome on WINDOWS (2d189aca524dff81024a9f1523fe882d)] -> xpath: //input[@id='firstname']]<br>
Enter addresslastname patel to  field [[ChromeDriver: chrome on WINDOWS (2d189aca524dff81024a9f1523fe882d)] -> xpath: //input[@id='lastname']]<br>
Enter address334 portland to  field [[ChromeDriver: chrome on WINDOWS (2d189aca524dff81024a9f1523fe882d)] -> xpath: //input[@id='address1']]<br>
Enter Citypune to  field [[ChromeDriver: chrome on WINDOWS (2d189aca524dff81024a9f1523fe882d)] -> xpath: //input[@id='city']]<br>
Enter state westmiddlamd to  field [[ChromeDriver: chrome on WINDOWS (2d189aca524dff81024a9f1523fe882d)] -> xpath: //select[@id='id_state']]<br>
Enter zipPostalCode30060 to  field [[ChromeDriver: chrome on WINDOWS (2d189aca524dff81024a9f1523fe882d)] -> xpath: //input[@id='postcode']]<br>
Selecting countryUnited States from dropdown [[ChromeDriver: chrome on WINDOWS (2d189aca524dff81024a9f1523fe882d)] -> xpath: //select[@id='id_country']]<br>
Enter mobilePhone 9898989898 to  field [[ChromeDriver: chrome on WINDOWS (2d189aca524dff81024a9f1523fe882d)] -> xpath: //input[@id='phone_mobile']]<br>
Enter referenceAddress334 portland LONDON to  field [[ChromeDriver: chrome on WINDOWS (2d189aca524dff81024a9f1523fe882d)] -> xpath: //input[@id='alias']]<br>
Clicking on registerbutton [[ChromeDriver: chrome on WINDOWS (2d189aca524dff81024a9f1523fe882d)] -> xpath: //button[@id='submitAccount']]<br>
getting  text from myaccountText [[ChromeDriver: chrome on WINDOWS (2d189aca524dff81024a9f1523fe882d)] -> xpath: //h1[contains(text(),'My account')]]<br>]]>
  </system-out>
</testsuite> <!-- com.automation.testsuits.CreateAccountPageTest -->
