<?xml version="1.0" encoding="UTF-8"?>
<!-- Generated by org.testng.reporters.JUnitReportReporter -->
<testsuite skipped="0" hostname="LAPTOP-UEJFETJP" name="com.automation.testsuits.WomenCategoryPageTest" tests="2" failures="0" timestamp="2022-05-10T22:48:33 BST" time="23.928" errors="0">
  <testcase name="verifyUserShouldAddProductToTheCartSuccessfully" time="16.259" classname="com.automation.testsuits.WomenCategoryPageTest"/>
  <system-out>
    <![CDATA[Clicking on Blouse [[ChromeDriver: chrome on WINDOWS (c43d4895ae73b172ce00b0e93b3822aa)] -> xpath: //body/div[@id='page']/div[2]/div[1]/div[3]/div[2]/ul[1]/li[2]/div[1]/div[2]/h5[1]/a[1]]
Clicking on White[[ChromeDriver: chrome on WINDOWS (c43d4895ae73b172ce00b0e93b3822aa)] -> xpath: //a[@title='White']]<br>
Clicking on addToCardProduct[[ChromeDriver: chrome on WINDOWS (c43d4895ae73b172ce00b0e93b3822aa)] -> xpath: //span[contains(text(),'Add to cart')]]<br>
getting  text from productAdded[[ChromeDriver: chrome on WINDOWS (c43d4895ae73b172ce00b0e93b3822aa)] -> xpath: //body[1]/div[1]/div[1]/header[1]/div[3]/div[1]/div[1]/div[4]/div[1]/div[1]/h2[1]]<br>
Clicking on crossbutton[[ChromeDriver: chrome on WINDOWS (c43d4895ae73b172ce00b0e93b3822aa)] -> xpath: //header/div[3]/div[1]/div[1]/div[4]/div[1]/div[1]/span[1]]<br>]]>
  </system-out>
  <testcase name="verifyUserShouldNavigateToWomenCategoryPageSuccessfully" time="7.669" classname="com.automation.testsuits.WomenCategoryPageTest"/>
  <system-out/>
</testsuite> <!-- com.automation.testsuits.WomenCategoryPageTest -->
