<?xml version="1.0" encoding="UTF-8"?>
<!-- Generated by org.testng.reporters.JUnitReportReporter -->
<testsuite skipped="0" hostname="LAPTOP-UEJFETJP" name="com.automation.testsuits.SignPageTest" tests="7" failures="0" timestamp="2022-05-10T22:48:33 BST" time="60.835" errors="0">
  <testcase name="verifyThatUserShouldLogOutSuccessFully" time="13.023" classname="com.automation.testsuits.SignPageTest"/>
  <system-out>
    <![CDATA[Clicking on sinInTab[[ChromeDriver: chrome on WINDOWS (d68dd9fcfcf20c1d2806fddade36fcb8)] -> xpath: //a[contains(text(),'Sign in')]]<br>
Enter emailprime0@gmail.com to  field [[ChromeDriver: chrome on WINDOWS (d68dd9fcfcf20c1d2806fddade36fcb8)] -> xpath: //input[@id='email']]<br>
Enter passwordfieldprime1005 to  field [[ChromeDriver: chrome on WINDOWS (d68dd9fcfcf20c1d2806fddade36fcb8)] -> xpath: //input[@id='passwd']]<br>
Clicking on signInButtonField[[ChromeDriver: chrome on WINDOWS (d68dd9fcfcf20c1d2806fddade36fcb8)] -> xpath: //body/div[@id='page']/div[2]/div[1]/div[3]/div[1]/div[1]/div[2]/form[1]/div[1]/p[2]/button[1]/span[1]]<br>
Clicking on sinout[[ChromeDriver: chrome on WINDOWS (d68dd9fcfcf20c1d2806fddade36fcb8)] -> xpath: //header/div[2]/div[1]/div[1]/nav[1]/div[2]/a[1]]<br>
getting  text from signInButtonField[[ChromeDriver: chrome on WINDOWS (d68dd9fcfcf20c1d2806fddade36fcb8)] -> xpath: //body/div[@id='page']/div[2]/div[1]/div[3]/div[1]/div[1]/div[2]/form[1]/div[1]/p[2]/button[1]/span[1]]<br>]]>
  </system-out>
  <testcase name="verifyTheErrorMessageWithInValidCredentials" time="7.650" classname="com.automation.testsuits.SignPageTest"/>
  <system-out>
    <![CDATA[Clicking on sinInTab[[ChromeDriver: chrome on WINDOWS (c6cc06136a132532d2d36589107b63ce)] -> xpath: //a[contains(text(),'Sign in')]]<br>
Enter emailabcd@gmail.com to  field [[ChromeDriver: chrome on WINDOWS (c6cc06136a132532d2d36589107b63ce)] -> xpath: //input[@id='email']]<br>
Enter passwordfield  to  field [[ChromeDriver: chrome on WINDOWS (c6cc06136a132532d2d36589107b63ce)] -> xpath: //input[@id='passwd']]<br>
Clicking on signInButtonField[[ChromeDriver: chrome on WINDOWS (c6cc06136a132532d2d36589107b63ce)] -> xpath: //body/div[@id='page']/div[2]/div[1]/div[3]/div[1]/div[1]/div[2]/form[1]/div[1]/p[2]/button[1]/span[1]]<br>
getting  text from errorMsg[[ChromeDriver: chrome on WINDOWS (c6cc06136a132532d2d36589107b63ce)] -> xpath: //div[@class='alert alert-danger']//li]<br>]]>
  </system-out>
  <testcase name="verifyTheErrorMessageWithInValidCredentials" time="8.495" classname="com.automation.testsuits.SignPageTest"/>
  <system-out>
    <![CDATA[Clicking on sinInTab[[ChromeDriver: chrome on WINDOWS (d8ab5972750837499de7623f77a6c51c)] -> xpath: //a[contains(text(),'Sign in')]]<br>
Enter emailadfdfgfg to  field [[ChromeDriver: chrome on WINDOWS (d8ab5972750837499de7623f77a6c51c)] -> xpath: //input[@id='email']]<br>
Enter passwordfield123456 to  field [[ChromeDriver: chrome on WINDOWS (d8ab5972750837499de7623f77a6c51c)] -> xpath: //input[@id='passwd']]<br>
Clicking on signInButtonField[[ChromeDriver: chrome on WINDOWS (d8ab5972750837499de7623f77a6c51c)] -> xpath: //body/div[@id='page']/div[2]/div[1]/div[3]/div[1]/div[1]/div[2]/form[1]/div[1]/p[2]/button[1]/span[1]]<br>
getting  text from errorMsg[[ChromeDriver: chrome on WINDOWS (d8ab5972750837499de7623f77a6c51c)] -> xpath: //div[@class='alert alert-danger']//li]<br>]]>
  </system-out>
  <testcase name="verifyTheErrorMessageWithInValidCredentials" time="7.357" classname="com.automation.testsuits.SignPageTest"/>
  <system-out>
    <![CDATA[Clicking on sinInTab[[ChromeDriver: chrome on WINDOWS (571a635c43578bdea6a6db3ca1effef0)] -> xpath: //a[contains(text(),'Sign in')]]<br>
Enter emailabcd@gmail.com to  field [[ChromeDriver: chrome on WINDOWS (571a635c43578bdea6a6db3ca1effef0)] -> xpath: //input[@id='email']]<br>
Enter passwordfield123456 to  field [[ChromeDriver: chrome on WINDOWS (571a635c43578bdea6a6db3ca1effef0)] -> xpath: //input[@id='passwd']]<br>
Clicking on signInButtonField[[ChromeDriver: chrome on WINDOWS (571a635c43578bdea6a6db3ca1effef0)] -> xpath: //body/div[@id='page']/div[2]/div[1]/div[3]/div[1]/div[1]/div[2]/form[1]/div[1]/p[2]/button[1]/span[1]]<br>
getting  text from errorMsg[[ChromeDriver: chrome on WINDOWS (571a635c43578bdea6a6db3ca1effef0)] -> xpath: //div[@class='alert alert-danger']//li]<br>]]>
  </system-out>
  <testcase name="userShouldNavigateToSignInPageSuccessFully" time="6.060" classname="com.automation.testsuits.SignPageTest"/>
  <system-out>
    <![CDATA[Clicking on sinInTab[[ChromeDriver: chrome on WINDOWS (0506f5509c5afd8115996edfe7fdc7a3)] -> xpath: //a[contains(text(),'Sign in')]]<br>
getting  text from authenticationText[[ChromeDriver: chrome on WINDOWS (0506f5509c5afd8115996edfe7fdc7a3)] -> xpath: //h1[contains(text(),'Authentication')]]<br>]]>
  </system-out>
  <testcase name="verifyThatUserShouldLogInSuccessFullyWithValidCredentials" time="10.518" classname="com.automation.testsuits.SignPageTest"/>
  <system-out>
    <![CDATA[Clicking on sinInTab[[ChromeDriver: chrome on WINDOWS (d60fa26b0e3da0449b7532462101d1ad)] -> xpath: //a[contains(text(),'Sign in')]]<br>
Enter emailprime0@gmail.com to  field [[ChromeDriver: chrome on WINDOWS (d60fa26b0e3da0449b7532462101d1ad)] -> xpath: //input[@id='email']]<br>
Enter passwordfieldprime1005 to  field [[ChromeDriver: chrome on WINDOWS (d60fa26b0e3da0449b7532462101d1ad)] -> xpath: //input[@id='passwd']]<br>
Clicking on signInButtonField[[ChromeDriver: chrome on WINDOWS (d60fa26b0e3da0449b7532462101d1ad)] -> xpath: //body/div[@id='page']/div[2]/div[1]/div[3]/div[1]/div[1]/div[2]/form[1]/div[1]/p[2]/button[1]/span[1]]<br>
getting  text from sinout[[ChromeDriver: chrome on WINDOWS (d60fa26b0e3da0449b7532462101d1ad)] -> xpath: //header/div[2]/div[1]/div[1]/nav[1]/div[2]/a[1]]<br>]]>
  </system-out>
  <testcase name="verifyTheErrorMessageWithInValidCredentials" time="7.732" classname="com.automation.testsuits.SignPageTest"/>
  <system-out>
    <![CDATA[Clicking on sinInTab[[ChromeDriver: chrome on WINDOWS (c3816559c777de5db3b9a931e77fcd7e)] -> xpath: //a[contains(text(),'Sign in')]]<br>
Enter email to  field [[ChromeDriver: chrome on WINDOWS (c3816559c777de5db3b9a931e77fcd7e)] -> xpath: //input[@id='email']]<br>
Enter passwordfield123456 to  field [[ChromeDriver: chrome on WINDOWS (c3816559c777de5db3b9a931e77fcd7e)] -> xpath: //input[@id='passwd']]<br>
Clicking on signInButtonField[[ChromeDriver: chrome on WINDOWS (c3816559c777de5db3b9a931e77fcd7e)] -> xpath: //body/div[@id='page']/div[2]/div[1]/div[3]/div[1]/div[1]/div[2]/form[1]/div[1]/p[2]/button[1]/span[1]]<br>
getting  text from errorMsg[[ChromeDriver: chrome on WINDOWS (c3816559c777de5db3b9a931e77fcd7e)] -> xpath: //div[@class='alert alert-danger']//li]<br>]]>
  </system-out>
</testsuite> <!-- com.automation.testsuits.SignPageTest -->
